<?xml version="1.0" encoding="UTF-8" standalone="no"?>
<testsuite failures="3" name="cucumber.runtime.formatter.JUnitFormatter" skipped="0" tests="3" time="0.189376">
<testcase classname="Apply to amaris" name="Open the amaris page" time="0.187169">
<failure message="java.lang.IllegalStateException: The driver executable does not exist: /Users/jgelais/git/temp/cucumber-selenium-and-gradle\build\chromedriver.exe&#10;&#9;at com.google.common.base.Preconditions.checkState(Preconditions.java:199)&#10;&#9;at org.openqa.selenium.remote.service.DriverService.checkExecutable(DriverService.java:121)&#10;&#9;at org.openqa.selenium.remote.service.DriverService.findExecutable(DriverService.java:116)&#10;&#9;at org.openqa.selenium.chrome.ChromeDriverService.access$000(ChromeDriverService.java:32)&#10;&#9;at org.openqa.selenium.chrome.ChromeDriverService$Builder.findDefaultExecutable(ChromeDriverService.java:137)&#10;&#9;at org.openqa.selenium.remote.service.DriverService$Builder.build(DriverService.java:296)&#10;&#9;at org.openqa.selenium.chrome.ChromeDriverService.createDefaultService(ChromeDriverService.java:88)&#10;&#9;at org.openqa.selenium.chrome.ChromeDriver.&lt;init&gt;(ChromeDriver.java:116)&#10;&#9;at webdriverContext.BrowserContext.&lt;init&gt;(BrowserContext.java:71)&#10;&#9;at cucumber.steps.ApplySteps.i_navigate_to_the_amaris_web_page(ApplySteps.java:24)&#10;&#9;at ✽.Given I navigate to the amaris web page(/Users/jgelais/git/temp/cucumber-selenium-and-gradle/src/cucumberTest/resources/features/Apply.feature:24)&#10;"><![CDATA[Given I navigate to the amaris web page.....................................failed
When I click on the apply button............................................skipped
Then The apply page has to be loaded correctly..............................skipped

StackTrace:
java.lang.IllegalStateException: The driver executable does not exist: /Users/jgelais/git/temp/cucumber-selenium-and-gradle\build\chromedriver.exe
	at com.google.common.base.Preconditions.checkState(Preconditions.java:199)
	at org.openqa.selenium.remote.service.DriverService.checkExecutable(DriverService.java:121)
	at org.openqa.selenium.remote.service.DriverService.findExecutable(DriverService.java:116)
	at org.openqa.selenium.chrome.ChromeDriverService.access$000(ChromeDriverService.java:32)
	at org.openqa.selenium.chrome.ChromeDriverService$Builder.findDefaultExecutable(ChromeDriverService.java:137)
	at org.openqa.selenium.remote.service.DriverService$Builder.build(DriverService.java:296)
	at org.openqa.selenium.chrome.ChromeDriverService.createDefaultService(ChromeDriverService.java:88)
	at org.openqa.selenium.chrome.ChromeDriver.<init>(ChromeDriver.java:116)
	at webdriverContext.BrowserContext.<init>(BrowserContext.java:71)
	at cucumber.steps.ApplySteps.i_navigate_to_the_amaris_web_page(ApplySteps.java:24)
	at ✽.Given I navigate to the amaris web page(/Users/jgelais/git/temp/cucumber-selenium-and-gradle/src/cucumberTest/resources/features/Apply.feature:24)
]]></failure>
</testcase>
<testcase classname="Apply to amaris" name="Title of your scenario outline" time="0.002103">
<failure message="cucumber.deps.com.thoughtworks.xstream.converters.ConversionException: Couldn't convert &quot;name1&quot; to an instance of: [class java.lang.Integer, int]&#10;---- Debugging information ----&#10;-------------------------------&#10;&#9;at cucumber.runtime.xstream.ConverterWithFormat.transform(ConverterWithFormat.java:31)&#10;&#9;at cucumber.runtime.xstream.ConverterWithNumberFormat.transform(ConverterWithNumberFormat.java:18)&#10;&#9;at cucumber.runtime.xstream.ConverterWithNumberFormat.transform(ConverterWithNumberFormat.java:8)&#10;&#9;at cucumber.api.Transformer.fromString(Transformer.java:91)&#10;&#9;at cucumber.deps.com.thoughtworks.xstream.converters.SingleValueConverterWrapper.fromString(SingleValueConverterWrapper.java:41)&#10;&#9;at cucumber.runtime.ParameterInfo.convert(ParameterInfo.java:164)&#10;&#9;at cucumber.runtime.StepDefinitionMatch.transformedArgs(StepDefinitionMatch.java:68)&#10;&#9;at cucumber.runtime.StepDefinitionMatch.runStep(StepDefinitionMatch.java:37)&#10;&#9;at cucumber.runtime.Runtime.runStep(Runtime.java:298)&#10;&#9;at cucumber.runtime.model.StepContainer.runStep(StepContainer.java:44)&#10;&#9;at cucumber.runtime.model.StepContainer.runSteps(StepContainer.java:39)&#10;&#9;at cucumber.runtime.model.CucumberScenario.run(CucumberScenario.java:48)&#10;&#9;at cucumber.runtime.model.CucumberScenarioOutline.run(CucumberScenarioOutline.java:46)&#10;&#9;at cucumber.runtime.model.CucumberFeature.run(CucumberFeature.java:163)&#10;&#9;at cucumber.runtime.Runtime.run(Runtime.java:120)&#10;&#9;at cucumber.api.cli.Main.run(Main.java:36)&#10;&#9;at cucumber.api.cli.Main.main(Main.java:18)&#10;&#9;at ✽.Given I want to write a step with name1(/Users/jgelais/git/temp/cucumber-selenium-and-gradle/src/cucumberTest/resources/features/Apply.feature:30)&#10;"><![CDATA[Given I want to write a step with name1.....................................failed
When I check for the 5 in step..............................................skipped
Then I verify the success in step...........................................skipped

StackTrace:
cucumber.deps.com.thoughtworks.xstream.converters.ConversionException: Couldn't convert "name1" to an instance of: [class java.lang.Integer, int]
---- Debugging information ----
-------------------------------
	at cucumber.runtime.xstream.ConverterWithFormat.transform(ConverterWithFormat.java:31)
	at cucumber.runtime.xstream.ConverterWithNumberFormat.transform(ConverterWithNumberFormat.java:18)
	at cucumber.runtime.xstream.ConverterWithNumberFormat.transform(ConverterWithNumberFormat.java:8)
	at cucumber.api.Transformer.fromString(Transformer.java:91)
	at cucumber.deps.com.thoughtworks.xstream.converters.SingleValueConverterWrapper.fromString(SingleValueConverterWrapper.java:41)
	at cucumber.runtime.ParameterInfo.convert(ParameterInfo.java:164)
	at cucumber.runtime.StepDefinitionMatch.transformedArgs(StepDefinitionMatch.java:68)
	at cucumber.runtime.StepDefinitionMatch.runStep(StepDefinitionMatch.java:37)
	at cucumber.runtime.Runtime.runStep(Runtime.java:298)
	at cucumber.runtime.model.StepContainer.runStep(StepContainer.java:44)
	at cucumber.runtime.model.StepContainer.runSteps(StepContainer.java:39)
	at cucumber.runtime.model.CucumberScenario.run(CucumberScenario.java:48)
	at cucumber.runtime.model.CucumberScenarioOutline.run(CucumberScenarioOutline.java:46)
	at cucumber.runtime.model.CucumberFeature.run(CucumberFeature.java:163)
	at cucumber.runtime.Runtime.run(Runtime.java:120)
	at cucumber.api.cli.Main.run(Main.java:36)
	at cucumber.api.cli.Main.main(Main.java:18)
	at ✽.Given I want to write a step with name1(/Users/jgelais/git/temp/cucumber-selenium-and-gradle/src/cucumberTest/resources/features/Apply.feature:30)
]]></failure>
</testcase>
<testcase classname="Apply to amaris" name="Title of your scenario outline 2" time="0.000104">
<failure message="cucumber.runtime.AmbiguousStepDefinitionsException: ✽.Then I verify the Fail in step(/Users/jgelais/git/temp/cucumber-selenium-and-gradle/src/cucumberTest/resources/features/Apply.feature:32) matches more than one step definition:&#10;  ^I verify the (.*) in step$ in ApplySteps.i_verify_the_success_in_step()&#10;  ^I verify the Fail in step$ in ApplySteps.i_verify_the_Fail_in_step()&#10;&#10;&#9;at cucumber.runtime.RuntimeGlue.stepDefinitionMatch(RuntimeGlue.java:71)&#10;&#9;at cucumber.runtime.Runtime.runStep(Runtime.java:265)&#10;&#9;at cucumber.runtime.model.StepContainer.runStep(StepContainer.java:44)&#10;&#9;at cucumber.runtime.model.StepContainer.runSteps(StepContainer.java:39)&#10;&#9;at cucumber.runtime.model.CucumberScenario.run(CucumberScenario.java:48)&#10;&#9;at cucumber.runtime.model.CucumberScenarioOutline.run(CucumberScenarioOutline.java:46)&#10;&#9;at cucumber.runtime.model.CucumberFeature.run(CucumberFeature.java:163)&#10;&#9;at cucumber.runtime.Runtime.run(Runtime.java:120)&#10;&#9;at cucumber.api.cli.Main.run(Main.java:36)&#10;&#9;at cucumber.api.cli.Main.main(Main.java:18)&#10;"><![CDATA[Given I want to write a step with name2.....................................failed
When I check for the 7 in step..............................................skipped
Then I verify the Fail in step..............................................failed

StackTrace:
cucumber.runtime.AmbiguousStepDefinitionsException: ✽.Then I verify the Fail in step(/Users/jgelais/git/temp/cucumber-selenium-and-gradle/src/cucumberTest/resources/features/Apply.feature:32) matches more than one step definition:
  ^I verify the (.*) in step$ in ApplySteps.i_verify_the_success_in_step()
  ^I verify the Fail in step$ in ApplySteps.i_verify_the_Fail_in_step()

	at cucumber.runtime.RuntimeGlue.stepDefinitionMatch(RuntimeGlue.java:71)
	at cucumber.runtime.Runtime.runStep(Runtime.java:265)
	at cucumber.runtime.model.StepContainer.runStep(StepContainer.java:44)
	at cucumber.runtime.model.StepContainer.runSteps(StepContainer.java:39)
	at cucumber.runtime.model.CucumberScenario.run(CucumberScenario.java:48)
	at cucumber.runtime.model.CucumberScenarioOutline.run(CucumberScenarioOutline.java:46)
	at cucumber.runtime.model.CucumberFeature.run(CucumberFeature.java:163)
	at cucumber.runtime.Runtime.run(Runtime.java:120)
	at cucumber.api.cli.Main.run(Main.java:36)
	at cucumber.api.cli.Main.main(Main.java:18)
]]></failure>
</testcase>
</testsuite>
